c:\users\fl6au\desktop\hal授業内容など\hal授業内容など\3年gm31\プログラム\gm31\gm31\x64\debug\vc143.pdb
c:\users\fl6au\desktop\hal授業内容など\hal授業内容など\3年gm31\プログラム\gm31\gm31\x64\debug\vc143.idb
c:\users\fl6au\desktop\hal授業内容など\hal授業内容など\3年gm31\プログラム\gm31\gm31\x64\debug\renderer.obj
c:\users\fl6au\desktop\hal授業内容など\hal授業内容など\3年gm31\プログラム\gm31\gm31\x64\debug\imgui_widgets.obj
c:\users\fl6au\desktop\hal授業内容など\hal授業内容など\3年gm31\プログラム\gm31\gm31\x64\debug\imgui_tables.obj
c:\users\fl6au\desktop\hal授業内容など\hal授業内容など\3年gm31\プログラム\gm31\gm31\x64\debug\imgui_impl_win32.obj
c:\users\fl6au\desktop\hal授業内容など\hal授業内容など\3年gm31\プログラム\gm31\gm31\x64\debug\imgui_impl_dx11.obj
c:\users\fl6au\desktop\hal授業内容など\hal授業内容など\3年gm31\プログラム\gm31\gm31\x64\debug\imgui_draw.obj
c:\users\fl6au\desktop\hal授業内容など\hal授業内容など\3年gm31\プログラム\gm31\gm31\x64\debug\imgui_demo.obj
c:\users\fl6au\desktop\hal授業内容など\hal授業内容など\3年gm31\プログラム\gm31\gm31\x64\debug\imgui.obj
c:\users\fl6au\desktop\hal授業内容など\hal授業内容など\3年gm31\プログラム\gm31\gm31\x64\debug\main.obj
c:\users\fl6au\desktop\hal授業内容など\hal授業内容など\3年gm31\プログラム\gm31\gm31\x64\debug\game.obj
c:\users\fl6au\desktop\hal授業内容など\hal授業内容など\3年gm31\プログラム\gm31\gm31\x64\debug\application.obj
c:\users\fl6au\desktop\hal授業内容など\hal授業内容など\3年gm31\プログラム\gm31\x64\debug\gm31.pdb
c:\users\fl6au\desktop\hal授業内容など\hal授業内容など\3年gm31\プログラム\gm31\gm31\x64\debug\gm31.tlog\cl.command.1.tlog
c:\users\fl6au\desktop\hal授業内容など\hal授業内容など\3年gm31\プログラム\gm31\gm31\x64\debug\gm31.tlog\cl.read.1.tlog
c:\users\fl6au\desktop\hal授業内容など\hal授業内容など\3年gm31\プログラム\gm31\gm31\x64\debug\gm31.tlog\cl.write.1.tlog
c:\users\fl6au\desktop\hal授業内容など\hal授業内容など\3年gm31\プログラム\gm31\gm31\x64\debug\gm31.tlog\link-cvtres.read.1.tlog
c:\users\fl6au\desktop\hal授業内容など\hal授業内容など\3年gm31\プログラム\gm31\gm31\x64\debug\gm31.tlog\link-cvtres.write.1.tlog
c:\users\fl6au\desktop\hal授業内容など\hal授業内容など\3年gm31\プログラム\gm31\gm31\x64\debug\gm31.tlog\link-rc.read.1.tlog
c:\users\fl6au\desktop\hal授業内容など\hal授業内容など\3年gm31\プログラム\gm31\gm31\x64\debug\gm31.tlog\link-rc.write.1.tlog
c:\users\fl6au\desktop\hal授業内容など\hal授業内容など\3年gm31\プログラム\gm31\gm31\x64\debug\gm31.tlog\link.command.1.tlog
c:\users\fl6au\desktop\hal授業内容など\hal授業内容など\3年gm31\プログラム\gm31\gm31\x64\debug\gm31.tlog\link.read.1.tlog
c:\users\fl6au\desktop\hal授業内容など\hal授業内容など\3年gm31\プログラム\gm31\gm31\x64\debug\gm31.tlog\link.read.2.tlog
c:\users\fl6au\desktop\hal授業内容など\hal授業内容など\3年gm31\プログラム\gm31\gm31\x64\debug\gm31.tlog\link.read.3.tlog
c:\users\fl6au\desktop\hal授業内容など\hal授業内容など\3年gm31\プログラム\gm31\gm31\x64\debug\gm31.tlog\link.read.4.tlog
c:\users\fl6au\desktop\hal授業内容など\hal授業内容など\3年gm31\プログラム\gm31\gm31\x64\debug\gm31.tlog\link.write.1.tlog
