c:\git\gm31git\gm31\gm31\x64\debug\vc143.pdb
c:\git\gm31git\gm31\gm31\x64\debug\vc143.idb
c:\git\gm31git\gm31\gm31\x64\debug\renderer.obj
c:\git\gm31git\gm31\gm31\x64\debug\imgui_widgets.obj
c:\git\gm31git\gm31\gm31\x64\debug\imgui_tables.obj
c:\git\gm31git\gm31\gm31\x64\debug\imgui_impl_win32.obj
c:\git\gm31git\gm31\gm31\x64\debug\imgui_impl_dx11.obj
c:\git\gm31git\gm31\gm31\x64\debug\imgui_draw.obj
c:\git\gm31git\gm31\gm31\x64\debug\imgui_demo.obj
c:\git\gm31git\gm31\gm31\x64\debug\imgui.obj
c:\git\gm31git\gm31\gm31\x64\debug\main.obj
c:\git\gm31git\gm31\gm31\x64\debug\game.obj
c:\git\gm31git\gm31\gm31\x64\debug\application.obj
c:\git\gm31git\gm31\x64\debug\mygame.exe
c:\git\gm31git\gm31\x64\debug\mygame.pdb
c:\git\gm31git\gm31\gm31\x64\debug\mygame.ilk
c:\git\gm31git\gm31\gm31\x64\debug\gm31.ilk
c:\git\gm31git\gm31\gm31\x64\debug\mygame.tlog\cl.command.1.tlog
c:\git\gm31git\gm31\gm31\x64\debug\mygame.tlog\cl.items.tlog
c:\git\gm31git\gm31\gm31\x64\debug\mygame.tlog\cl.read.1.tlog
c:\git\gm31git\gm31\gm31\x64\debug\mygame.tlog\cl.write.1.tlog
c:\git\gm31git\gm31\gm31\x64\debug\mygame.tlog\fxc.command.1.tlog
c:\git\gm31git\gm31\gm31\x64\debug\mygame.tlog\fxc.read.1.tlog
c:\git\gm31git\gm31\gm31\x64\debug\mygame.tlog\link.command.1.tlog
c:\git\gm31git\gm31\gm31\x64\debug\mygame.tlog\link.read.1.tlog
c:\git\gm31git\gm31\gm31\x64\debug\mygame.tlog\link.secondary.1.tlog
c:\git\gm31git\gm31\gm31\x64\debug\mygame.tlog\link.write.1.tlog
